<?xml version="1.0" encoding="UTF-8"?>
<testng-results ignored="0" total="1" passed="1" failed="0" skipped="0">
  <reporter-output>
  </reporter-output>
  <suite started-at="2019-11-08T09:00:22Z" name="Default suite" finished-at="2019-11-08T09:01:05Z" duration-ms="42652">
    <groups>
    </groups>
    <test started-at="2019-11-08T09:00:22Z" name="Default test" finished-at="2019-11-08T09:01:05Z" duration-ms="42652">
      <class name="com.atmecs.testscripts.TestNegative">
        <test-method is-config="true" signature="initializeBrowser()[pri:0, instance:com.atmecs.testscripts.TestNegative@498d318c]" started-at="2019-11-08T09:00:22Z" name="initializeBrowser" finished-at="2019-11-08T09:00:30Z" duration-ms="7048" status="PASS">
          <reporter-output>
          </reporter-output>
        </test-method> <!-- initializeBrowser -->
        <test-method signature="testingDemoPage(java.lang.String)[pri:1, instance:com.atmecs.testscripts.TestNegative@498d318c]" started-at="2019-11-08T09:00:31Z" name="testingDemoPage" data-provider="inputValues" finished-at="2019-11-08T09:01:05Z" duration-ms="33950" status="PASS">
          <params>
            <param index="0">
              <value>
                <![CDATA[Chairs]]>
              </value>
            </param>
          </params>
          <reporter-output>
          </reporter-output>
        </test-method> <!-- testingDemoPage -->
        <test-method is-config="true" signature="closeBrowser()[pri:0, instance:com.atmecs.testscripts.TestNegative@498d318c]" started-at="2019-11-08T09:01:05Z" name="closeBrowser" finished-at="2019-11-08T09:01:05Z" duration-ms="568" status="PASS">
          <reporter-output>
          </reporter-output>
        </test-method> <!-- closeBrowser -->
      </class> <!-- com.atmecs.testscripts.TestNegative -->
    </test> <!-- Default test -->
  </suite> <!-- Default suite -->
</testng-results>
